<?xml version="1.0" encoding="UTF-8"?>
<testsuite name="edu.bsu.cs222.pos.TestInventory" tests="1" skipped="0" failures="0" errors="0" timestamp="2020-12-07T19:16:54" hostname="DESKTOP-V498F44" time="0.978">
  <properties/>
  <testcase name="testItemSearchByName" classname="edu.bsu.cs222.pos.TestInventory" time="0.978"/>
  <system-out><![CDATA[]]></system-out>
  <system-err><![CDATA[]]></system-err>
</testsuite>
