<?xml version="1.0" encoding="UTF-8"?>
<testsuite name="edu.bsu.cs222.pos.TestInventory" tests="8" skipped="0" failures="0" errors="0" timestamp="2020-12-11T16:17:10" hostname="DESKTOP-V498F44" time="0.629">
  <properties/>
  <testcase name="testItemSearchByName" classname="edu.bsu.cs222.pos.TestInventory" time="0.175"/>
  <testcase name="testDeleteInventory" classname="edu.bsu.cs222.pos.TestInventory" time="0.051"/>
  <testcase name="testAddInventory" classname="edu.bsu.cs222.pos.TestInventory" time="0.05"/>
  <testcase name="testUniqueBarCodeGenerator" classname="edu.bsu.cs222.pos.TestInventory" time="0.05"/>
  <testcase name="testUpdatedItemCost" classname="edu.bsu.cs222.pos.TestInventory" time="0.053"/>
  <testcase name="testUpdatedItemName" classname="edu.bsu.cs222.pos.TestInventory" time="0.062"/>
  <testcase name="testItemSearch" classname="edu.bsu.cs222.pos.TestInventory" time="0.051"/>
  <testcase name="testEmptyCompany" classname="edu.bsu.cs222.pos.TestInventory" time="0.135"/>
  <system-out><![CDATA[]]></system-out>
  <system-err><![CDATA[]]></system-err>
</testsuite>
