<?xml version="1.0" encoding="UTF-8"?>
<testsuite name="edu.bsu.cs222.pos.TestInventory" tests="8" skipped="0" failures="0" errors="0" timestamp="2020-12-11T16:14:19" hostname="DESKTOP-V498F44" time="0.651">
  <properties/>
  <testcase name="testItemSearchByName" classname="edu.bsu.cs222.pos.TestInventory" time="0.179"/>
  <testcase name="testDeleteInventory" classname="edu.bsu.cs222.pos.TestInventory" time="0.056"/>
  <testcase name="testAddInventory" classname="edu.bsu.cs222.pos.TestInventory" time="0.049"/>
  <testcase name="testUniqueBarCodeGenerator" classname="edu.bsu.cs222.pos.TestInventory" time="0.06"/>
  <testcase name="testUpdatedItemCost" classname="edu.bsu.cs222.pos.TestInventory" time="0.054"/>
  <testcase name="testUpdatedItemName" classname="edu.bsu.cs222.pos.TestInventory" time="0.063"/>
  <testcase name="testItemSearch" classname="edu.bsu.cs222.pos.TestInventory" time="0.05"/>
  <testcase name="testEmptyCompany" classname="edu.bsu.cs222.pos.TestInventory" time="0.139"/>
  <system-out><![CDATA[]]></system-out>
  <system-err><![CDATA[]]></system-err>
</testsuite>
